<?xml version="1.0" encoding="UTF-8"?>
<testng-results skipped="0" failed="1" total="1" passed="0">
  <reporter-output>
    <line>
      <![CDATA[<pre>
testRoot: C:\git\development\patient-portal-automation
testConfigFile: null
testResultVideos: C:\git\development\patient-portal-automation\target\failsafe-reports\videos
testResultScreenshots: C:\git\development\patient-portal-automation\target\failsafe-reports\screenshots
selenium.browser: firefox
client os.type: windows
clear.browser.cache: true
enable.video.recording: true
capture.screenshot: true
reporting.full.stack.trace: false
isJavascriptCaptureEnabled: false
isProxyEnabled: false
logger.level: null
firefox.profile: null
firefox.assumeUntrustedCertificateIssuer: true (default = false)
firefox.acceptUntrustedCertificates: true (default = true)
firefox.isenableNativeEventEnabled: false
firefox.downloadable.mime.types: application/excel,application/x-excel,application/x-msexcel,application/vnd.ms-excel,text/comma-separated-values,application/csv,image/jpeg,text/csv,application/x-ofx,application/vnd.intu.qfx,application/vnd.intu.qbo
firefox.download.location: C:\git\development\patient-portal-automation\target\firefox-download
</pre><br/>]]>
    </line>
    <line>
      <![CDATA[Test Case: testAskAStaff<br/>]]>
    </line>
    <line>
      <![CDATA[Execution Environment: PROD<br/>]]>
    </line>
    <line>
      <![CDATA[Execution Browser: firefox<br/>]]>
    </line>
    <line>
      <![CDATA[step 1: Get Data from Excel<br/>]]>
    </line>
    <line>
      <![CDATA[URL: https://www.medfusion.net/secure/portal/index.cfm?fuseaction=home.login&dest=welcome&gid=12162&muuid=13578<br/>]]>
    </line>
    <line>
      <![CDATA[USER NAME: ihgqa.prod@gmail.com<br/>]]>
    </line>
    <line>
      <![CDATA[Password: medfusion123<br/>]]>
    </line>
    <line>
      <![CDATA[step 2: LogIn<br/>]]>
    </line>
    <line>
      <![CDATA[URL: https://www.medfusion.net/secure/portal/index.cfm?fuseaction=home.login&dest=welcome&gid=12162&muuid=13578<br/>]]>
    </line>
    <line>
      <![CDATA[Expected value: true Actual value: true - PASSED <br/>]]>
    </line>
    <line>
      <![CDATA[Patient Login Credentials: [ihgqa.prod@gmail.com] [medfusion123]<br/>]]>
    </line>
    <line>
      <![CDATA[Waiting for Username element, max wait time is 60 seconds<br/>]]>
    </line>
    <line>
      <![CDATA[step 3: Click Ask A Staff<br/>]]>
    </line>
    <line>
      <![CDATA[Web Browser Performance Timings:
Current URL: https://www.medfusion.net/secure/portal/index.cfm?fuseaction=aska.askadoc&pfid=77042
{unloadEventEnd=1423216533874, responseEnd=1423216533875, responseStart=1423216533870, unloadEventStart=1423216533871, domainLookupEnd=1423216533507, domInteractive=1423216534131, domContentLoadedEventStart=1423216534137, domComplete=1423216534993, domainLookupStart=1423216533507, redirectEnd=1423216533507, redirectStart=1423216533507, toJSON=function toJSON() {
    [native code]
}, connectEnd=1423216533507, connectStart=1423216533507, loadEventStart=1423216534993, navigationStart=1423216533503, requestStart=1423216533530, fetchStart=1423216533507, domContentLoadedEventEnd=1423216534182, domLoading=1423216533871, loadEventEnd=1423216534993}
Get more information here: https://dvcs.w3.org/hg/webperf/raw-file/tip/specs/NavigationTiming/Overview.html#processing-model<br/>]]>
    </line>
    <line>
      <![CDATA[step 4: Complete step 1 of Ask A Staff<br/>]]>
    </line>
    <line>
      <![CDATA[Web Browser Performance Timings:
Current URL: https://www.medfusion.net/patient/app/?wicket:interface=:3:questionDiv:form::IFormSubmitListener::
{unloadEventEnd=1423216557575, responseEnd=1423216557799, responseStart=1423216557569, unloadEventStart=1423216557571, domainLookupEnd=1423216556757, domInteractive=1423216558196, domContentLoadedEventStart=1423216558203, domComplete=1423216558370, domainLookupStart=1423216556757, redirectEnd=1423216556757, redirectStart=1423216556757, toJSON=function toJSON() {
    [native code]
}, connectEnd=1423216556757, connectStart=1423216556757, loadEventStart=1423216558370, navigationStart=1423216556756, requestStart=1423216557006, fetchStart=1423216556757, domContentLoadedEventEnd=1423216558223, domLoading=1423216557570, loadEventEnd=1423216558371}
Get more information here: https://dvcs.w3.org/hg/webperf/raw-file/tip/specs/NavigationTiming/Overview.html#processing-model<br/>]]>
    </line>
    <line>
      <![CDATA[step 5: Complete step 2 of Ask A Staff<br/>]]>
    </line>
    <line>
      <![CDATA[Web Browser Performance Timings:
Current URL: https://www.medfusion.net/patient/app/?wicket:interface=:3:questionDiv:form::IFormSubmitListener::
{unloadEventEnd=1423216557575, responseEnd=1423216557799, responseStart=1423216557569, unloadEventStart=1423216557571, domainLookupEnd=1423216556757, domInteractive=1423216558196, domContentLoadedEventStart=1423216558203, domComplete=1423216558370, domainLookupStart=1423216556757, redirectEnd=1423216556757, redirectStart=1423216556757, toJSON=function toJSON() {
    [native code]
}, connectEnd=1423216556757, connectStart=1423216556757, loadEventStart=1423216558370, navigationStart=1423216556756, requestStart=1423216557006, fetchStart=1423216556757, domContentLoadedEventEnd=1423216558223, domLoading=1423216557570, loadEventEnd=1423216558371}
Get more information here: https://dvcs.w3.org/hg/webperf/raw-file/tip/specs/NavigationTiming/Overview.html#processing-model<br/>]]>
    </line>
    <line>
      <![CDATA[step 6: Validate entry is on Ask A Staff History page<br/>]]>
    </line>
    <line>
      <![CDATA[Web Browser Performance Timings:
Current URL: https://www.medfusion.net/patient/app/?wicket:bookmarkablePage=:net.medfusion.encounter.patient.solutions.askaquestion.AskaReqHistory&pfid=77042
{unloadEventEnd=1423216570712, responseEnd=1423216571045, responseStart=1423216570702, unloadEventStart=1423216570703, domainLookupEnd=1423216561194, domInteractive=1423216571145, domContentLoadedEventStart=1423216571161, domComplete=1423216571347, domainLookupStart=1423216561194, redirectEnd=1423216561194, redirectStart=1423216561194, toJSON=function toJSON() {
    [native code]
}, connectEnd=1423216561194, connectStart=1423216561194, loadEventStart=1423216571347, navigationStart=1423216561194, requestStart=1423216561206, fetchStart=1423216561194, domContentLoadedEventEnd=1423216571184, domLoading=1423216570702, loadEventEnd=1423216571348}
Get more information here: https://dvcs.w3.org/hg/webperf/raw-file/tip/specs/NavigationTiming/Overview.html#processing-model<br/>]]>
    </line>
  </reporter-output>
  <suite name="Default suite" duration-ms="55623" started-at="2015-02-06T09:55:17Z" finished-at="2015-02-06T09:56:13Z">
    <groups>
      <group name="AcceptanceTests">
        <method signature="PortalAcceptanceTests.testAskAStaffEnd2End()[pri:0, instance:com.intuit.ihg.product.portal.test.PortalAcceptanceTests@a9cd3b1]" name="testAskAStaffEnd2End" class="com.intuit.ihg.product.portal.test.PortalAcceptanceTests"/>
      </group> <!-- AcceptanceTests -->
    </groups>
    <test name="Default test" duration-ms="55623" started-at="2015-02-06T09:55:17Z" finished-at="2015-02-06T09:56:13Z">
      <class name="com.intuit.ihg.product.portal.test.PortalAcceptanceTests">
        <test-method status="PASS" signature="beforeSuite()[pri:0, instance:com.intuit.ihg.product.portal.test.PortalAcceptanceTests@a9cd3b1]" name="beforeSuite" is-config="true" duration-ms="218" started-at="2015-02-06T10:55:17Z" finished-at="2015-02-06T10:55:17Z">
          <reporter-output>
            <line>
              <![CDATA[<pre>
testRoot: C:\git\development\patient-portal-automation
testConfigFile: null
testResultVideos: C:\git\development\patient-portal-automation\target\failsafe-reports\videos
testResultScreenshots: C:\git\development\patient-portal-automation\target\failsafe-reports\screenshots
selenium.browser: firefox
client os.type: windows
clear.browser.cache: true
enable.video.recording: true
capture.screenshot: true
reporting.full.stack.trace: false
isJavascriptCaptureEnabled: false
isProxyEnabled: false
logger.level: null
firefox.profile: null
firefox.assumeUntrustedCertificateIssuer: true (default = false)
firefox.acceptUntrustedCertificates: true (default = true)
firefox.isenableNativeEventEnabled: false
firefox.downloadable.mime.types: application/excel,application/x-excel,application/x-msexcel,application/vnd.ms-excel,text/comma-separated-values,application/csv,image/jpeg,text/csv,application/x-ofx,application/vnd.intu.qfx,application/vnd.intu.qbo
firefox.download.location: C:\git\development\patient-portal-automation\target\firefox-download
</pre><br/>]]>
            </line>
          </reporter-output>
        </test-method> <!-- beforeSuite -->
        <test-method status="PASS" signature="setUp()[pri:0, instance:com.intuit.ihg.product.portal.test.PortalAcceptanceTests@a9cd3b1]" name="setUp" is-config="true" duration-ms="3" started-at="2015-02-06T10:55:17Z" finished-at="2015-02-06T10:55:17Z">
          <reporter-output>
          </reporter-output>
        </test-method> <!-- setUp -->
        <test-method status="PASS" signature="testSetup()[pri:0, instance:com.intuit.ihg.product.portal.test.PortalAcceptanceTests@a9cd3b1]" name="testSetup" is-config="true" duration-ms="6967" started-at="2015-02-06T10:55:17Z" finished-at="2015-02-06T10:55:24Z">
          <reporter-output>
          </reporter-output>
        </test-method> <!-- testSetup -->
        <test-method status="FAIL" signature="testAskAStaffEnd2End()[pri:0, instance:com.intuit.ihg.product.portal.test.PortalAcceptanceTests@a9cd3b1]" name="testAskAStaffEnd2End" duration-ms="48193" started-at="2015-02-06T10:55:24Z" finished-at="2015-02-06T10:56:12Z">
          <exception class="java.lang.AssertionError">
            <message>
              <![CDATA[Expected to see a subject containing 1423216535029 on the Ask A Staff History page. None were found. expected [true] but found [false]]]>
            </message>
            <full-stacktrace>
              <![CDATA[java.lang.AssertionError: Expected to see a subject containing 1423216535029 on the Ask A Staff History page. None were found. expected [true] but found [false]
	at org.testng.Assert.fail(Assert.java:94)
	at org.testng.Assert.failNotEquals(Assert.java:494)
	at org.testng.Assert.assertTrue(Assert.java:42)
	at com.intuit.ifs.csscat.core.BaseTestSoftAssert.assertTrue(BaseTestSoftAssert.java:57)
	at com.intuit.ihg.product.portal.test.PortalAcceptanceTests.testAskAStaffEnd2End(PortalAcceptanceTests.java:640)
	at sun.reflect.NativeMethodAccessorImpl.invoke0(Native Method)
	at sun.reflect.NativeMethodAccessorImpl.invoke(Unknown Source)
	at sun.reflect.DelegatingMethodAccessorImpl.invoke(Unknown Source)
	at java.lang.reflect.Method.invoke(Unknown Source)
	at org.testng.internal.MethodInvocationHelper.invokeMethod(MethodInvocationHelper.java:84)
	at org.testng.internal.Invoker.invokeMethod(Invoker.java:714)
	at org.testng.internal.Invoker.invokeTestMethod(Invoker.java:901)
	at org.testng.internal.Invoker.invokeTestMethods(Invoker.java:1231)
	at org.testng.internal.TestMethodWorker.invokeTestMethods(TestMethodWorker.java:127)
	at org.testng.internal.TestMethodWorker.run(TestMethodWorker.java:111)
	at org.testng.TestRunner.privateRun(TestRunner.java:767)
	at org.testng.TestRunner.run(TestRunner.java:617)
	at org.testng.SuiteRunner.runTest(SuiteRunner.java:334)
	at org.testng.SuiteRunner.runSequentially(SuiteRunner.java:329)
	at org.testng.SuiteRunner.privateRun(SuiteRunner.java:291)
	at org.testng.SuiteRunner.run(SuiteRunner.java:240)
	at org.testng.SuiteRunnerWorker.runSuite(SuiteRunnerWorker.java:52)
	at org.testng.SuiteRunnerWorker.run(SuiteRunnerWorker.java:86)
	at org.testng.TestNG.runSuitesSequentially(TestNG.java:1224)
	at org.testng.TestNG.runSuitesLocally(TestNG.java:1149)
	at org.testng.TestNG.run(TestNG.java:1057)
	at org.testng.remote.RemoteTestNG.run(RemoteTestNG.java:111)
	at org.testng.remote.RemoteTestNG.initAndRun(RemoteTestNG.java:204)
	at org.testng.remote.RemoteTestNG.main(RemoteTestNG.java:175)
]]>
            </full-stacktrace>
          </exception> <!-- java.lang.AssertionError -->
          <reporter-output>
            <line>
              <![CDATA[Test Case: testAskAStaff<br/>]]>
            </line>
            <line>
              <![CDATA[Execution Environment: PROD<br/>]]>
            </line>
            <line>
              <![CDATA[Execution Browser: firefox<br/>]]>
            </line>
            <line>
              <![CDATA[step 1: Get Data from Excel<br/>]]>
            </line>
            <line>
              <![CDATA[URL: https://www.medfusion.net/secure/portal/index.cfm?fuseaction=home.login&dest=welcome&gid=12162&muuid=13578<br/>]]>
            </line>
            <line>
              <![CDATA[USER NAME: ihgqa.prod@gmail.com<br/>]]>
            </line>
            <line>
              <![CDATA[Password: medfusion123<br/>]]>
            </line>
            <line>
              <![CDATA[step 2: LogIn<br/>]]>
            </line>
            <line>
              <![CDATA[URL: https://www.medfusion.net/secure/portal/index.cfm?fuseaction=home.login&dest=welcome&gid=12162&muuid=13578<br/>]]>
            </line>
            <line>
              <![CDATA[Expected value: true Actual value: true - PASSED <br/>]]>
            </line>
            <line>
              <![CDATA[Patient Login Credentials: [ihgqa.prod@gmail.com] [medfusion123]<br/>]]>
            </line>
            <line>
              <![CDATA[Waiting for Username element, max wait time is 60 seconds<br/>]]>
            </line>
            <line>
              <![CDATA[step 3: Click Ask A Staff<br/>]]>
            </line>
            <line>
              <![CDATA[Web Browser Performance Timings:
Current URL: https://www.medfusion.net/secure/portal/index.cfm?fuseaction=aska.askadoc&pfid=77042
{unloadEventEnd=1423216533874, responseEnd=1423216533875, responseStart=1423216533870, unloadEventStart=1423216533871, domainLookupEnd=1423216533507, domInteractive=1423216534131, domContentLoadedEventStart=1423216534137, domComplete=1423216534993, domainLookupStart=1423216533507, redirectEnd=1423216533507, redirectStart=1423216533507, toJSON=function toJSON() {
    [native code]
}, connectEnd=1423216533507, connectStart=1423216533507, loadEventStart=1423216534993, navigationStart=1423216533503, requestStart=1423216533530, fetchStart=1423216533507, domContentLoadedEventEnd=1423216534182, domLoading=1423216533871, loadEventEnd=1423216534993}
Get more information here: https://dvcs.w3.org/hg/webperf/raw-file/tip/specs/NavigationTiming/Overview.html#processing-model<br/>]]>
            </line>
            <line>
              <![CDATA[step 4: Complete step 1 of Ask A Staff<br/>]]>
            </line>
            <line>
              <![CDATA[Web Browser Performance Timings:
Current URL: https://www.medfusion.net/patient/app/?wicket:interface=:3:questionDiv:form::IFormSubmitListener::
{unloadEventEnd=1423216557575, responseEnd=1423216557799, responseStart=1423216557569, unloadEventStart=1423216557571, domainLookupEnd=1423216556757, domInteractive=1423216558196, domContentLoadedEventStart=1423216558203, domComplete=1423216558370, domainLookupStart=1423216556757, redirectEnd=1423216556757, redirectStart=1423216556757, toJSON=function toJSON() {
    [native code]
}, connectEnd=1423216556757, connectStart=1423216556757, loadEventStart=1423216558370, navigationStart=1423216556756, requestStart=1423216557006, fetchStart=1423216556757, domContentLoadedEventEnd=1423216558223, domLoading=1423216557570, loadEventEnd=1423216558371}
Get more information here: https://dvcs.w3.org/hg/webperf/raw-file/tip/specs/NavigationTiming/Overview.html#processing-model<br/>]]>
            </line>
            <line>
              <![CDATA[step 5: Complete step 2 of Ask A Staff<br/>]]>
            </line>
            <line>
              <![CDATA[Web Browser Performance Timings:
Current URL: https://www.medfusion.net/patient/app/?wicket:interface=:3:questionDiv:form::IFormSubmitListener::
{unloadEventEnd=1423216557575, responseEnd=1423216557799, responseStart=1423216557569, unloadEventStart=1423216557571, domainLookupEnd=1423216556757, domInteractive=1423216558196, domContentLoadedEventStart=1423216558203, domComplete=1423216558370, domainLookupStart=1423216556757, redirectEnd=1423216556757, redirectStart=1423216556757, toJSON=function toJSON() {
    [native code]
}, connectEnd=1423216556757, connectStart=1423216556757, loadEventStart=1423216558370, navigationStart=1423216556756, requestStart=1423216557006, fetchStart=1423216556757, domContentLoadedEventEnd=1423216558223, domLoading=1423216557570, loadEventEnd=1423216558371}
Get more information here: https://dvcs.w3.org/hg/webperf/raw-file/tip/specs/NavigationTiming/Overview.html#processing-model<br/>]]>
            </line>
            <line>
              <![CDATA[step 6: Validate entry is on Ask A Staff History page<br/>]]>
            </line>
            <line>
              <![CDATA[Web Browser Performance Timings:
Current URL: https://www.medfusion.net/patient/app/?wicket:bookmarkablePage=:net.medfusion.encounter.patient.solutions.askaquestion.AskaReqHistory&pfid=77042
{unloadEventEnd=1423216570712, responseEnd=1423216571045, responseStart=1423216570702, unloadEventStart=1423216570703, domainLookupEnd=1423216561194, domInteractive=1423216571145, domContentLoadedEventStart=1423216571161, domComplete=1423216571347, domainLookupStart=1423216561194, redirectEnd=1423216561194, redirectStart=1423216561194, toJSON=function toJSON() {
    [native code]
}, connectEnd=1423216561194, connectStart=1423216561194, loadEventStart=1423216571347, navigationStart=1423216561194, requestStart=1423216561206, fetchStart=1423216561194, domContentLoadedEventEnd=1423216571184, domLoading=1423216570702, loadEventEnd=1423216571348}
Get more information here: https://dvcs.w3.org/hg/webperf/raw-file/tip/specs/NavigationTiming/Overview.html#processing-model<br/>]]>
            </line>
          </reporter-output>
        </test-method> <!-- testAskAStaffEnd2End -->
        <test-method status="PASS" signature="logTestStatus(org.testng.ITestResult)[pri:0, instance:com.intuit.ihg.product.portal.test.PortalAcceptanceTests@a9cd3b1]" name="logTestStatus" is-config="true" duration-ms="3" started-at="2015-02-06T10:56:12Z" finished-at="2015-02-06T10:56:12Z">
          <params>
            <param index="0">
              <value>
                <![CDATA[[TestResult name=testAskAStaffEnd2End status=FAILURE method=PortalAcceptanceTests.testAskAStaffEnd2End()[pri:0, instance:com.intuit.ihg.product.portal.test.PortalAcceptanceTests@a9cd3b1] output=Test Case: testAskAStaff<br/>]]]>
              </value>
            </param>
          </params>
          <reporter-output>
          </reporter-output>
        </test-method> <!-- logTestStatus -->
        <test-method status="PASS" signature="postTestCase(org.testng.ITestResult)[pri:0, instance:com.intuit.ihg.product.portal.test.PortalAcceptanceTests@a9cd3b1]" name="postTestCase" is-config="true" duration-ms="434" started-at="2015-02-06T10:56:12Z" finished-at="2015-02-06T10:56:13Z">
          <params>
            <param index="0">
              <value>
                <![CDATA[[TestResult name=testAskAStaffEnd2End status=FAILURE method=PortalAcceptanceTests.testAskAStaffEnd2End()[pri:0, instance:com.intuit.ihg.product.portal.test.PortalAcceptanceTests@a9cd3b1] output=Test Case: testAskAStaff<br/>]]]>
              </value>
            </param>
          </params>
          <reporter-output>
          </reporter-output>
        </test-method> <!-- postTestCase -->
        <test-method status="PASS" signature="tearDown()[pri:0, instance:com.intuit.ihg.product.portal.test.PortalAcceptanceTests@a9cd3b1]" name="tearDown" is-config="true" duration-ms="0" started-at="2015-02-06T10:56:13Z" finished-at="2015-02-06T10:56:13Z">
          <reporter-output>
          </reporter-output>
        </test-method> <!-- tearDown -->
      </class> <!-- com.intuit.ihg.product.portal.test.PortalAcceptanceTests -->
    </test> <!-- Default test -->
  </suite> <!-- Default suite -->
</testng-results>
