<?xml version="1.0" encoding="UTF-8"?>
<testng-results skipped="0" failed="0" total="1" passed="1">
  <reporter-output>
    <line>
      <![CDATA[<pre>
testRoot: C:\Users\Qaauto\Documents\qa-automation\pss\pss2patientui-automation
testConfigFile: null
testResultVideos: true
testResultScreenshots: true
selenium.browser: chrome
client os.type: windows
clear.browser.cache: true
enable.video.recording: true
capture.screenshot: true
reporting.full.stack.trace: false
isJavascriptCaptureEnabled: false
isProxyEnabled: false
logger.level: null
firefox.profile: null
firefox.assumeUntrustedCertificateIssuer: true (default = false)
firefox.acceptUntrustedCertificates: true (default = true)
firefox.isenableNativeEventEnabled: false
firefox.downloadable.mime.types: application/excel,application/x-excel,application/x-msexcel,application/vnd.ms-excel,text/comma-separated-values,application/csv,image/jpeg,text/csv,application/x-ofx,application/vnd.intu.qfx,application/vnd.intu.qbo,application/pdf,application/x-pdf
firefox.download.location: C:\Users\Qaauto\Documents\qa-automation\pss\pss2patientui-automation\target\firefox-download
</pre><br/>]]>
    </line>
    <line>
      <![CDATA[Test case: testE2EAnonymousAthena<br/>]]>
    </line>
    <line>
      <![CDATA[Execution Environment: DEV3<br/>]]>
    </line>
    <line>
      <![CDATA[Execution Browser: chrome<br/>]]>
    </line>
    <line>
      <![CDATA[Resetting step counter<br/>]]>
    </line>
    <line>
      <![CDATA[Step 1: set test data for new patient <br/>]]>
    </line>
    <line>
      <![CDATA[Step 2: Fetch rule and settings from PSS 2.0 Admin portal<br/>]]>
    </line>
    <line>
      <![CDATA[adminSettings Step 1: LOGIN TO ADMIN<br/>]]>
    </line>
    <line>
      <![CDATA[adminSettings Step 1: Login to Admin portal. url=https://dev3-pss-adminportal-ui.dev.medfusion.net/ and username=pss.atstaff1 and password=admin123<br/>]]>
    </line>
    <line>
      <![CDATA[Checking all elements on PSS2AdminLogin<br/>]]>
    </line>
    <line>
      <![CDATA[refreshing admin page after login<br/>]]>
    </line>
    <line>
      <![CDATA[adminSettings Step 2: Navigate to ACCESS RULE tab in settings<br/>]]>
    </line>
    <line>
      <![CDATA[Status of Enable Anonymous Flow = true<br/>]]>
    </line>
    <line>
      <![CDATA[Status of Display Privacy policy = false<br/>]]>
    </line>
    <line>
      <![CDATA[Status of Allow Duplicate Patient false<br/>]]>
    </line>
    <line>
      <![CDATA[Status of Enable OTP true<br/>]]>
    </line>
    <line>
      <![CDATA[Anonymous url is https://dev3-pss.dev.medfusion.net/psspatient/anonymous/aff1e83e-f67b-43fc-8a13-b49d55945d44<br/>]]>
    </line>
    <line>
      <![CDATA[PSS Patient URL : https://dev3-pss.dev.medfusion.net/psspatient/anonymous/aff1e83e-f67b-43fc-8a13-b49d55945d44<br/>]]>
    </line>
    <line>
      <![CDATA[Anonymous url is https://dev3-pss.dev.medfusion.net/psspatient/anonymous/aff1e83e-f67b-43fc-8a13-b49d55945d44<br/>]]>
    </line>
    <line>
      <![CDATA[buttonSaveAnonymous clicked Sucessfully <br/>]]>
    </line>
    <line>
      <![CDATA[Click on Save Button<br/>]]>
    </line>
    <line>
      <![CDATA[adminSettings Step 3: Navigate to Patient Flow tab in settings<br/>]]>
    </line>
    <line>
      <![CDATA[Checking page elements<br/>]]>
    </line>
    <line>
      <![CDATA[are basic elements present true<br/>]]>
    </line>
    <line>
      <![CDATA[adminSettings Step 4: Fetch the list of Rules<br/>]]>
    </line>
    <line>
      <![CDATA[length 2<br/>]]>
    </line>
    <line>
      <![CDATA[Rule length : T, L, B<br/>]]>
    </line>
    <line>
      <![CDATA[Rule length : T, L, B<br/>]]>
    </line>
    <line>
      <![CDATA[Insurance Displayed ? true<br/>]]>
    </line>
    <line>
      <![CDATA[adminSettings Step 5: Logout from PSS Admin Portal<br/>]]>
    </line>
    <line>
      <![CDATA[logging out from admin...need to add logic to check which page it redirects too<br/>]]>
    </line>
    <line>
      <![CDATA[Step 3: Fetch the rules set in Admin<br/>]]>
    </line>
    <line>
      <![CDATA[rule are T, L, B<br/>]]>
    </line>
    <line>
      <![CDATA[Step 4: Move to PSS patient Portal 2.0 to book an Appointment - https://dev3-pss.dev.medfusion.net/psspatient/anonymous/aff1e83e-f67b-43fc-8a13-b49d55945d44<br/>]]>
    </line>
    <line>
      <![CDATA[Checking all elements on AnonymousDismissPage<br/>]]>
    </line>
    <line>
      <![CDATA[selectAFlow method started<br/>]]>
    </line>
    <line>
      <![CDATA[Step 8: Select Appointment for appointment. startOrderon? true<br/>]]>
    </line>
    <line>
      <![CDATA[--------Flow Starts---------------<br/>]]>
    </line>
    <line>
      <![CDATA[don't update Insurance<br/>]]>
    </line>
    <line>
      <![CDATA[size of list=2<br/>]]>
    </line>
    <line>
      <![CDATA[selectOrderWith=Appointment type<br/>]]>
    </line>
    <line>
      <![CDATA[selectOrderWith=Appointment type<br/>]]>
    </line>
    <line>
      <![CDATA[Step 9: Verfiy Appointment Page and appointment =Any 15<br/>]]>
    </line>
    <line>
      <![CDATA[Checking all elements on AppointmentPage<br/>]]>
    </line>
    <line>
      <![CDATA[Step 10: Verfiy Location Page and location to be selected = 7 Hills Department<br/>]]>
    </line>
    <line>
      <![CDATA[Checking all elements on Location<br/>]]>
    </line>
    <line>
      <![CDATA[In SearchProvider Method<br/>]]>
    </line>
    <line>
      <![CDATA[Location is ---> 3 . 7 Hills Department<br/>]]>
    </line>
    <line>
      <![CDATA[address = null<br/>]]>
    </line>
    <line>
      <![CDATA[Step 11: Verfiy Provider Page and Provider = Chris Bulkley<br/>]]>
    </line>
    <line>
      <![CDATA[Checking all elements on Provider<br/>]]>
    </line>
    <line>
      <![CDATA[providerList = 1<br/>]]>
    </line>
    <line>
      <![CDATA[Clicked on the Provider <br/>]]>
    </line>
    <line>
      <![CDATA[Checking page elements<br/>]]>
    </line>
    <line>
      <![CDATA[Appointment Date selected=18<br/>]]>
    </line>
    <line>
      <![CDATA[ isAnonymousFlow is TRUE <br/>]]>
    </line>
    <line>
      <![CDATA[Step 12: Verify Confirmation page and Scheduled page<br/>]]>
    </line>
    <line>
      <![CDATA[Appointment Time selected=01:30 AM<br/>]]>
    </line>
    <line>
      <![CDATA[phoneNumber= 7856324102<br/>]]>
    </line>
    <line>
      <![CDATA[Day=11<br/>]]>
    </line>
    <line>
      <![CDATA[date_pres 2015-2026<br/>]]>
    </line>
    <line>
      <![CDATA[Enabled ?true<br/>]]>
    </line>
    <line>
      <![CDATA[Displayed ? true<br/>]]>
    </line>
    <line>
      <![CDATA[date >>>> 2015-2026<br/>]]>
    </line>
    <line>
      <![CDATA[1983  2015<br/>]]>
    </line>
    <line>
      <![CDATA[Difference is 37.0<br/>]]>
    </line>
    <line>
      <![CDATA[clicks :4<br/>]]>
    </line>
    <line>
      <![CDATA[date is selected	<br/>]]>
    </line>
    <line>
      <![CDATA[formfilled ...<br/>]]>
    </line>
    <line>
      <![CDATA[Step 13: Verify if Appointment is scheduled and download ics file<br/>]]>
    </line>
    <line>
      <![CDATA[>> Chris BulkleyChange<br/>]]>
    </line>
    <line>
      <![CDATA[apt Details= 7 Hills Department
867-645-4781
Change<br/>]]>
    </line>
    <line>
      <![CDATA[apt Details= Any 15Change<br/>]]>
    </line>
    <line>
      <![CDATA[apt Details= September 18, 2020 Change<br/>]]>
    </line>
    <line>
      <![CDATA[apt Details= 01:30 AM (EDT)Change<br/>]]>
    </line>
    <line>
      <![CDATA[apt Details= Chris BulkleyChange<br/>]]>
    </line>
    <line>
      <![CDATA[appointment ID = Your confirmation number is:<br/>]]>
    </line>
    <line>
      <![CDATA[Checking all elements on ScheduledAppointmentAnonymous<br/>]]>
    </line>
    <line>
      <![CDATA[Add to calendar option is displayed and is clickable.<br/>]]>
    </line>
    <line>
      <![CDATA[latestFile C:\Users\Qaauto\Downloads\1288440.ics<br/>]]>
    </line>
    <line>
      <![CDATA[Reading ICS file for the given path. C:\Users\Qaauto\Downloads\1288440.ics<br/>]]>
    </line>
    <line>
      <![CDATA[ calander details  = BEGIN:VEVENT
DTSTAMP:20200917T081902Z
DTSTART:20200918T053000Z
DTEND:20200918T054500Z
SUMMARY:Doctors appointment
UID:20200917T081902Z-1@fe80:0:0:0:250:56ff:fe8b:3718%ens192
DESCRIPTION:Date : 09/18/2020\nTime : 01:30:00(EDT)\nDuration : 15 minutes\nProvider : Chris Bulkley-Jones\nConfirmation Number : 225349\nLocation : 200806 Road no 1 Near road no 2 New york CA 12345 43.2978147 -73.68089090000001\n867-645-4781\n
CREATED:20200917T081902Z
END:VEVENT
<br/>]]>
    </line>
    <line>
      <![CDATA[Date : 09/18/2020
Time : 01:30:00(EDT)
Duration : 15 minutes
Provider : Chris Bulkley-Jones
Confirmation Number : 225349
Location : 200806 Road no 1 Near road no 2 New york CA 12345 43.2978147 -73.68089090000001
867-645-4781
<br/>]]>
    </line>
    <line>
      <![CDATA[filePath= C:\Users\Qaauto\Downloads\1288440.ics<br/>]]>
    </line>
    <line>
      <![CDATA[filePath= true<br/>]]>
    </line>
    <line>
      <![CDATA[1288440.ics is deleted!<br/>]]>
    </line>
    <line>
      <![CDATA[Is file deleted ? true<br/>]]>
    </line>
    <line>
      <![CDATA[Test Case Passed<br/>]]>
    </line>
    <line>
      <![CDATA[TEST RESULT:<br/>]]>
    </line>
  </reporter-output>
  <suite name="Default suite" duration-ms="415367" started-at="2020-09-17T13:42:10Z" finished-at="2020-09-17T13:49:05Z">
    <groups>
      <group name="AcceptanceTests">
        <method signature="PSS2PatientPortalAcceptanceTests02.testE2EAnonymousAthena(java.lang.String)[pri:0, instance:com.medfusion.product.pss2patientportal.test.PSS2PatientPortalAcceptanceTests02@26a7b76d]" name="testE2EAnonymousAthena" class="com.medfusion.product.pss2patientportal.test.PSS2PatientPortalAcceptanceTests02"/>
      </group> <!-- AcceptanceTests -->
    </groups>
    <test name="Default test" duration-ms="415367" started-at="2020-09-17T13:42:10Z" finished-at="2020-09-17T13:49:05Z">
      <class name="com.medfusion.product.pss2patientportal.test.PSS2PatientPortalAcceptanceTests02">
        <test-method status="PASS" signature="beforeSuite()[pri:0, instance:com.medfusion.product.pss2patientportal.test.PSS2PatientPortalAcceptanceTests02@26a7b76d]" name="beforeSuite" is-config="true" duration-ms="78" started-at="2020-09-17T13:42:10Z" finished-at="2020-09-17T13:42:10Z">
        </test-method> <!-- beforeSuite -->
        <test-method status="PASS" signature="setUp()[pri:0, instance:com.medfusion.product.pss2patientportal.test.PSS2PatientPortalAcceptanceTests02@26a7b76d]" name="setUp" is-config="true" duration-ms="3" started-at="2020-09-17T13:42:10Z" finished-at="2020-09-17T13:42:10Z">
        </test-method> <!-- setUp -->
        <test-method status="PASS" signature="testSetup(java.lang.reflect.Method)[pri:0, instance:com.medfusion.product.pss2patientportal.test.PSS2PatientPortalAcceptanceTests02@26a7b76d]" name="testSetup" is-config="true" duration-ms="4584" started-at="2020-09-17T13:42:10Z" finished-at="2020-09-17T13:42:15Z">
          <params>
            <param index="0">
              <value>
                <![CDATA[public void com.medfusion.product.pss2patientportal.test.PSS2PatientPortalAcceptanceTests02.testE2EAnonymousAthena(java.lang.String) throws java.lang.Exception]]>
              </value>
            </param>
          </params>
        </test-method> <!-- testSetup -->
        <test-method status="PASS" signature="testE2EAnonymousAthena(java.lang.String)[pri:0, instance:com.medfusion.product.pss2patientportal.test.PSS2PatientPortalAcceptanceTests02@26a7b76d]" name="testE2EAnonymousAthena" duration-ms="409453" started-at="2020-09-17T13:42:15Z" data-provider="partnerType" finished-at="2020-09-17T13:49:04Z">
          <params>
            <param index="0">
              <value>
                <![CDATA[ATHENA]]>
              </value>
            </param>
          </params>
        </test-method> <!-- testE2EAnonymousAthena -->
        <test-method status="PASS" signature="postTestCase(org.testng.ITestResult)[pri:0, instance:com.medfusion.product.pss2patientportal.test.PSS2PatientPortalAcceptanceTests02@26a7b76d]" name="postTestCase" is-config="true" duration-ms="1302" started-at="2020-09-17T13:49:04Z" finished-at="2020-09-17T13:49:05Z">
          <params>
            <param index="0">
              <value>
                <![CDATA[[TestResult: testE2EAnonymousAthena STATUS:SUCCESS METHOD:PSS2PatientPortalAcceptanceTests02.testE2EAnonymousAthena(java.lang.String)[pri:0, instance:com.medfusion.product.pss2patientportal.test.PSS2PatientPortalAcceptanceTests02@26a7b76d]Step 1: set test data for new patient <br/>]]>
              </value>
            </param>
          </params>
        </test-method> <!-- postTestCase -->
        <test-method status="PASS" signature="tearDown()[pri:0, instance:com.medfusion.product.pss2patientportal.test.PSS2PatientPortalAcceptanceTests02@26a7b76d]" name="tearDown" is-config="true" duration-ms="1" started-at="2020-09-17T13:49:05Z" finished-at="2020-09-17T13:49:05Z">
        </test-method> <!-- tearDown -->
      </class> <!-- com.medfusion.product.pss2patientportal.test.PSS2PatientPortalAcceptanceTests02 -->
    </test> <!-- Default test -->
  </suite> <!-- Default suite -->
</testng-results>
