<?xml version="1.0" encoding="UTF-8"?>
<testng-results skipped="0" failed="0" total="1" passed="1">
  <reporter-output>
    <line>
      <![CDATA[<pre>
testRoot: C:\git\development\sitegen-automation
testConfigFile: null
testResultVideos: C:\git\development\sitegen-automation\target\failsafe-reports\videos
testResultScreenshots: C:\git\development\sitegen-automation\target\failsafe-reports\screenshots
selenium.browser: firefox
client os.type: windows
clear.browser.cache: true
enable.video.recording: true
capture.screenshot: true
reporting.full.stack.trace: false
isJavascriptCaptureEnabled: false
isProxyEnabled: false
logger.level: null
firefox.profile: null
firefox.assumeUntrustedCertificateIssuer: true (default = false)
firefox.acceptUntrustedCertificates: true (default = true)
firefox.isenableNativeEventEnabled: false
firefox.downloadable.mime.types: application/excel,application/x-excel,application/x-msexcel,application/vnd.ms-excel,text/comma-separated-values,application/csv,image/jpeg,text/csv,application/x-ofx,application/vnd.intu.qfx,application/vnd.intu.qbo
firefox.download.location: C:\git\development\sitegen-automation\target\firefox-download
</pre><br/>]]>
    </line>
    <line>
      <![CDATA[testSiteGen<br/>]]>
    </line>
    <line>
      <![CDATA[Environment on which Testcase is Running: QA1<br/>]]>
    </line>
    <line>
      <![CDATA[Browser on which Testcase is Running: firefox<br/>]]>
    </line>
    <line>
      <![CDATA[step 1: Get Data from Excel ##########<br/>]]>
    </line>
    <line>
      <![CDATA[URL: https://qa1.dev.medfusion.net/admin/generator/index.cfm<br/>]]>
    </line>
    <line>
      <![CDATA[Username: qa1-sitegen<br/>]]>
    </line>
    <line>
      <![CDATA[Password: intuit123<br/>]]>
    </line>
    <line>
      <![CDATA[step 2:LogIn ##########<br/>]]>
    </line>
    <line>
      <![CDATA[URL: https://qa1.dev.medfusion.net/admin/generator/index.cfm<br/>]]>
    </line>
    <line>
      <![CDATA[Expected value: true Actual value: true - PASSED <br/>]]>
    </line>
    <line>
      <![CDATA[Expected value: true Actual value: true - PASSED <br/>]]>
    </line>
    <line>
      <![CDATA[Expected value: true Actual value: true - PASSED <br/>]]>
    </line>
    <line>
      <![CDATA[Expected value: true Actual value: true - PASSED <br/>]]>
    </line>
    <line>
      <![CDATA[Expected value: true Actual value: true - PASSED <br/>]]>
    </line>
    <line>
      <![CDATA[Expected value: true Actual value: true - PASSED<br/>]]>
    </line>
    <line>
      <![CDATA[Expected value: true Actual value: true - PASSED<br/>]]>
    </line>
    <line>
      <![CDATA[Expected value: true Actual value: true - PASSED<br/>]]>
    </line>
    <line>
      <![CDATA[Expected value: true Actual value: true - PASSED <br/>]]>
    </line>
  </reporter-output>
  <suite name="Default suite" duration-ms="32492" started-at="2015-02-04T13:04:58Z" finished-at="2015-02-04T13:05:31Z">
    <groups>
      <group name="AcceptanceTests">
        <method signature="SiteGenAcceptanceTests.testSiteGenLoginLogout()[pri:0, instance:com.intuit.ihg.product.sitegen.test.SiteGenAcceptanceTests@1e127982]" name="testSiteGenLoginLogout" class="com.intuit.ihg.product.sitegen.test.SiteGenAcceptanceTests"/>
      </group> <!-- AcceptanceTests -->
    </groups>
    <test name="Default test" duration-ms="32492" started-at="2015-02-04T13:04:58Z" finished-at="2015-02-04T13:05:31Z">
      <class name="com.intuit.ihg.product.sitegen.test.SiteGenAcceptanceTests">
        <test-method status="PASS" signature="beforeSuite()[pri:0, instance:com.intuit.ihg.product.sitegen.test.SiteGenAcceptanceTests@1e127982]" name="beforeSuite" is-config="true" duration-ms="247" started-at="2015-02-04T14:04:58Z" finished-at="2015-02-04T14:04:58Z">
          <reporter-output>
            <line>
              <![CDATA[<pre>
testRoot: C:\git\development\sitegen-automation
testConfigFile: null
testResultVideos: C:\git\development\sitegen-automation\target\failsafe-reports\videos
testResultScreenshots: C:\git\development\sitegen-automation\target\failsafe-reports\screenshots
selenium.browser: firefox
client os.type: windows
clear.browser.cache: true
enable.video.recording: true
capture.screenshot: true
reporting.full.stack.trace: false
isJavascriptCaptureEnabled: false
isProxyEnabled: false
logger.level: null
firefox.profile: null
firefox.assumeUntrustedCertificateIssuer: true (default = false)
firefox.acceptUntrustedCertificates: true (default = true)
firefox.isenableNativeEventEnabled: false
firefox.downloadable.mime.types: application/excel,application/x-excel,application/x-msexcel,application/vnd.ms-excel,text/comma-separated-values,application/csv,image/jpeg,text/csv,application/x-ofx,application/vnd.intu.qfx,application/vnd.intu.qbo
firefox.download.location: C:\git\development\sitegen-automation\target\firefox-download
</pre><br/>]]>
            </line>
          </reporter-output>
        </test-method> <!-- beforeSuite -->
        <test-method status="PASS" signature="setUp()[pri:0, instance:com.intuit.ihg.product.sitegen.test.SiteGenAcceptanceTests@1e127982]" name="setUp" is-config="true" duration-ms="4" started-at="2015-02-04T14:04:58Z" finished-at="2015-02-04T14:04:58Z">
          <reporter-output>
          </reporter-output>
        </test-method> <!-- setUp -->
        <test-method status="PASS" signature="testSetup()[pri:0, instance:com.intuit.ihg.product.sitegen.test.SiteGenAcceptanceTests@1e127982]" name="testSetup" is-config="true" duration-ms="7980" started-at="2015-02-04T14:04:58Z" finished-at="2015-02-04T14:05:06Z">
          <reporter-output>
          </reporter-output>
        </test-method> <!-- testSetup -->
        <test-method status="PASS" signature="testSiteGenLoginLogout()[pri:0, instance:com.intuit.ihg.product.sitegen.test.SiteGenAcceptanceTests@1e127982]" name="testSiteGenLoginLogout" duration-ms="24198" started-at="2015-02-04T14:05:06Z" finished-at="2015-02-04T14:05:31Z">
          <reporter-output>
            <line>
              <![CDATA[testSiteGen<br/>]]>
            </line>
            <line>
              <![CDATA[Environment on which Testcase is Running: QA1<br/>]]>
            </line>
            <line>
              <![CDATA[Browser on which Testcase is Running: firefox<br/>]]>
            </line>
            <line>
              <![CDATA[step 1: Get Data from Excel ##########<br/>]]>
            </line>
            <line>
              <![CDATA[URL: https://qa1.dev.medfusion.net/admin/generator/index.cfm<br/>]]>
            </line>
            <line>
              <![CDATA[Username: qa1-sitegen<br/>]]>
            </line>
            <line>
              <![CDATA[Password: intuit123<br/>]]>
            </line>
            <line>
              <![CDATA[step 2:LogIn ##########<br/>]]>
            </line>
            <line>
              <![CDATA[URL: https://qa1.dev.medfusion.net/admin/generator/index.cfm<br/>]]>
            </line>
            <line>
              <![CDATA[Expected value: true Actual value: true - PASSED <br/>]]>
            </line>
            <line>
              <![CDATA[Expected value: true Actual value: true - PASSED <br/>]]>
            </line>
            <line>
              <![CDATA[Expected value: true Actual value: true - PASSED <br/>]]>
            </line>
            <line>
              <![CDATA[Expected value: true Actual value: true - PASSED <br/>]]>
            </line>
            <line>
              <![CDATA[Expected value: true Actual value: true - PASSED <br/>]]>
            </line>
            <line>
              <![CDATA[Expected value: true Actual value: true - PASSED<br/>]]>
            </line>
            <line>
              <![CDATA[Expected value: true Actual value: true - PASSED<br/>]]>
            </line>
            <line>
              <![CDATA[Expected value: true Actual value: true - PASSED<br/>]]>
            </line>
            <line>
              <![CDATA[Expected value: true Actual value: true - PASSED <br/>]]>
            </line>
          </reporter-output>
        </test-method> <!-- testSiteGenLoginLogout -->
        <test-method status="PASS" signature="postTestCase(org.testng.ITestResult)[pri:0, instance:com.intuit.ihg.product.sitegen.test.SiteGenAcceptanceTests@1e127982]" name="postTestCase" is-config="true" duration-ms="297" started-at="2015-02-04T14:05:31Z" finished-at="2015-02-04T14:05:31Z">
          <params>
            <param index="0">
              <value>
                <![CDATA[[TestResult name=testSiteGenLoginLogout status=SUCCESS method=SiteGenAcceptanceTests.testSiteGenLoginLogout()[pri:0, instance:com.intuit.ihg.product.sitegen.test.SiteGenAcceptanceTests@1e127982] output=testSiteGen<br/>]]]>
              </value>
            </param>
          </params>
          <reporter-output>
          </reporter-output>
        </test-method> <!-- postTestCase -->
        <test-method status="PASS" signature="tearDown()[pri:0, instance:com.intuit.ihg.product.sitegen.test.SiteGenAcceptanceTests@1e127982]" name="tearDown" is-config="true" duration-ms="0" started-at="2015-02-04T14:05:31Z" finished-at="2015-02-04T14:05:31Z">
          <reporter-output>
          </reporter-output>
        </test-method> <!-- tearDown -->
      </class> <!-- com.intuit.ihg.product.sitegen.test.SiteGenAcceptanceTests -->
    </test> <!-- Default test -->
  </suite> <!-- Default suite -->
</testng-results>
