<?xml version="1.0" encoding="UTF-8"?>
<!-- Generated by org.testng.reporters.JUnitXMLReporter -->
<testsuite hostname="dev.medfusion.net" name="Medfusion Integration Test" tests="26" failures="2" timestamp="6 Aug 2012 19:29:23 GMT" time="1735.456" errors="0">
  <testcase name="testApptReqWebServices" time="28.587" classname="net.medfusion.integrations.webservices.MedfusionWebservicesTest">
    <failure type="net.medfusion.integrations.webservices.common.exceptions.WebServiceExceptionComposite" message="
ID#0: net.medfusion.integrations.webservices.common.exceptions.WebServiceExceptionInvalidParameter: The Staff for Id 22343 does not exist within the Practice with Id 50.">
      <![CDATA[net.medfusion.integrations.webservices.common.exceptions.WebServiceExceptionComposite: 
ID#0: net.medfusion.integrations.webservices.common.exceptions.WebServiceExceptionInvalidParameter: The Staff for Id 22343 does not exist within the Practice with Id 50.
	at java.lang.Class.newInstance0(Class.java:355)
	at java.lang.Class.newInstance(Class.java:308)
	at org.apache.axis.encoding.ser.BeanDeserializer.<init>(BeanDeserializer.java:104)
	at org.apache.axis.encoding.ser.BeanDeserializerFactory.getGeneralPurpose(BeanDeserializerFactory.java:89)
	at org.apache.axis.encoding.ser.BaseDeserializerFactory.getDeserializerAs(BaseDeserializerFactory.java:89)
	at org.apache.axis.encoding.DeserializationContext.getDeserializer(DeserializationContext.java:464)
	at org.apache.axis.encoding.DeserializationContext.getDeserializerForType(DeserializationContext.java:547)
	at org.apache.axis.message.SOAPFaultDetailsBuilder.onStartChild(SOAPFaultDetailsBuilder.java:157)
	at org.apache.axis.encoding.DeserializationContext.startElement(DeserializationContext.java:1035)
	at com.sun.org.apache.xerces.internal.parsers.AbstractSAXParser.startElement(AbstractSAXParser.java:501)
	at com.sun.org.apache.xerces.internal.impl.XMLNSDocumentScannerImpl.scanStartElement(XMLNSDocumentScannerImpl.java:400)
	at com.sun.org.apache.xerces.internal.impl.XMLDocumentFragmentScannerImpl$FragmentContentDriver.next(XMLDocumentFragmentScannerImpl.java:2755)
	at com.sun.org.apache.xerces.internal.impl.XMLDocumentScannerImpl.next(XMLDocumentScannerImpl.java:648)
	at com.sun.org.apache.xerces.internal.impl.XMLNSDocumentScannerImpl.next(XMLNSDocumentScannerImpl.java:140)
	at com.sun.org.apache.xerces.internal.impl.XMLDocumentFragmentScannerImpl.scanDocument(XMLDocumentFragmentScannerImpl.java:511)
	at com.sun.org.apache.xerces.internal.parsers.XML11Configuration.parse(XML11Configuration.java:808)
	at com.sun.org.apache.xerces.internal.parsers.XML11Configuration.parse(XML11Configuration.java:737)
	at com.sun.org.apache.xerces.internal.parsers.XMLParser.parse(XMLParser.java:119)
	at com.sun.org.apache.xerces.internal.parsers.AbstractSAXParser.parse(AbstractSAXParser.java:1205)
	at com.sun.org.apache.xerces.internal.jaxp.SAXParserImpl$JAXPSAXParser.parse(SAXParserImpl.java:522)
	at javax.xml.parsers.SAXParser.parse(SAXParser.java:395)
	at org.apache.axis.encoding.DeserializationContext.parse(DeserializationContext.java:227)
	at org.apache.axis.SOAPPart.getAsSOAPEnvelope(SOAPPart.java:696)
	at org.apache.axis.Message.getSOAPEnvelope(Message.java:435)
	at org.apache.axis.handlers.soap.MustUnderstandChecker.invoke(MustUnderstandChecker.java:62)
	at org.apache.axis.client.AxisClient.invoke(AxisClient.java:206)
	at org.apache.axis.client.Call.invokeEngine(Call.java:2784)
	at org.apache.axis.client.Call.invoke(Call.java:2767)
	at org.apache.axis.client.Call.invoke(Call.java:2443)
	at org.apache.axis.client.Call.invoke(Call.java:2366)
	at org.apache.axis.client.Call.invoke(Call.java:1812)
	at net.medfusion.integrations.webservices.medfusion.MedfusionSoapBindingStub.externallyProcessApptReqs(MedfusionSoapBindingStub.java:5179)
	at net.medfusion.integrations.webservices.MedfusionWebservicesTest.testApptReqWebServices(MedfusionWebservicesTest.java:345)
... Removed 27 stack frames]]>
    </failure>
  </testcase> <!-- testApptReqWebServices -->
  <testcase name="testCodesWebServices" time="299.833" classname="net.medfusion.integrations.webservices.MedfusionWebservicesTest"/>
  <testcase name="testCommWebServices" time="30.092" classname="net.medfusion.integrations.webservices.MedfusionWebservicesTest"/>
  <testcase name="testConnection" time="15.003" classname="net.medfusion.integrations.webservices.MedfusionWebservicesTest"/>
  <testcase name="testCreateOrUpdateMultipleMemberLocked" time="15.073" classname="net.medfusion.integrations.webservices.MedfusionWebservicesTest"/>
  <testcase name="testCustomFormFormWebServices" time="480.382" classname="net.medfusion.integrations.webservices.MedfusionWebservicesTest"/>
  <testcase name="testCustomFormWebServices" time="9.594" classname="net.medfusion.integrations.webservices.MedfusionWebservicesTest"/>
  <testcase name="testCustomFormWithAnswersWebServices" time="42.398" classname="net.medfusion.integrations.webservices.MedfusionWebservicesTest"/>
  <testcase name="testEMWebServices" time="75.271" classname="net.medfusion.integrations.webservices.MedfusionWebservicesTest"/>
  <testcase name="testExternalIdMethods" time="45.383" classname="net.medfusion.integrations.webservices.MedfusionWebservicesTest"/>
  <testcase name="testMemberLockedCreateAllFieldsWebServices" time="45.283" classname="net.medfusion.integrations.webservices.MedfusionWebservicesTest"/>
  <testcase name="testMemberLockedCreateMinFieldsWebServices" time="75.593" classname="net.medfusion.integrations.webservices.MedfusionWebservicesTest">
    <failure type="java.lang.AssertionError" message="The Staff for Id 22343 does not exist within the Practice with Id 50.">
      <![CDATA[java.lang.AssertionError: The Staff for Id 22343 does not exist within the Practice with Id 50.
	at net.medfusion.integrations.webservices.MedfusionWebservicesTest.testMemberLockedCreateMinFieldsWebServices(MedfusionWebservicesTest.java:556)
... Removed 24 stack frames]]>
    </failure>
  </testcase> <!-- testMemberLockedCreateMinFieldsWebServices -->
  <testcase name="testMemberLockedWebServices" time="18.609" classname="net.medfusion.integrations.webservices.MedfusionWebservicesTest"/>
  <testcase name="testMemberToUnlockWebServices" time="11.427" classname="net.medfusion.integrations.webservices.MedfusionWebservicesTest"/>
  <testcase name="testMemberWebServices" time="17.14" classname="net.medfusion.integrations.webservices.MedfusionWebservicesTest"/>
  <testcase name="testOnlineBillPayWebServices" time="118.309" classname="net.medfusion.integrations.webservices.MedfusionWebservicesTest"/>
  <testcase name="testPharmacyWebServices" time="75.3" classname="net.medfusion.integrations.webservices.MedfusionWebservicesTest"/>
  <testcase name="testPracticeLocationWebServices" time="30.144" classname="net.medfusion.integrations.webservices.MedfusionWebservicesTest"/>
  <testcase name="testRxRefillReqWebServices" time="15.091" classname="net.medfusion.integrations.webservices.MedfusionWebservicesTest"/>
  <testcase name="testSendMultipleMemberUnlockEmail" time="15.014" classname="net.medfusion.integrations.webservices.MedfusionWebservicesTest"/>
  <testcase name="testStaffWebServices" time="28.572" classname="net.medfusion.integrations.webservices.MedfusionWebservicesTest"/>
  <testcase name="testStatementWebServices" time="0.0020" classname="net.medfusion.integrations.webservices.MedfusionWebservicesTest"/>
  <testcase name="testSymptomAssessmentWebServices" time="1.423" classname="net.medfusion.integrations.webservices.MedfusionWebservicesTest"/>
  <testcase name="testVOVWebServices" time="119.797" classname="net.medfusion.integrations.webservices.MedfusionWebservicesTest"/>
  <testcase name="testVOVWithPrescriptionWebServices" time="75.3" classname="net.medfusion.integrations.webservices.MedfusionWebservicesTest"/>
  <testcase name="testChangeServices" time="42.441" classname="net.medfusion.integrations.webservices.IntegrationEngineTest"/>
</testsuite> <!-- Medfusion Integration Test -->
