<?xml version="1.0" encoding="UTF-8"?>
<!-- Generated by org.testng.reporters.JUnitReportReporter -->
<testsuite hostname="dev.medfusion.net" name="net.medfusion.integrations.webservices.MedfusionWebservicesTest" tests="1" failures="0" timestamp="6 Jan 2013 13:41:04 GMT" time="36.819" errors="0">
  <testcase name="testPharmacyWebServices" time="36.819" classname="net.medfusion.integrations.webservices.MedfusionWebservicesTest"/>
</testsuite> <!-- net.medfusion.integrations.webservices.MedfusionWebservicesTest -->
