<?xml version="1.0" encoding="UTF-8"?>
<testng-results skipped="0" failed="0" total="1" passed="1">
  <reporter-output>
    <line>
      <![CDATA[<pre>
testRoot: C:\git\development\mobile-automation
testConfigFile: null
testResultVideos: C:\git\development\mobile-automation\target\failsafe-reports\videos
testResultScreenshots: C:\git\development\mobile-automation\target\failsafe-reports\screenshots
selenium.browser: firefox
client os.type: windows
clear.browser.cache: true
enable.video.recording: true
capture.screenshot: true
reporting.full.stack.trace: false
isJavascriptCaptureEnabled: false
isProxyEnabled: false
logger.level: null
firefox.profile: null
firefox.assumeUntrustedCertificateIssuer: true (default = false)
firefox.acceptUntrustedCertificates: true (default = true)
firefox.isenableNativeEventEnabled: false
firefox.downloadable.mime.types: application/excel,application/x-excel,application/x-msexcel,application/vnd.ms-excel,text/comma-separated-values,application/csv,image/jpeg,text/csv,application/x-ofx,application/vnd.intu.qfx,application/vnd.intu.qbo
firefox.download.location: C:\git\development\mobile-automation\target\firefox-download
</pre><br/>]]>
    </line>
    <line>
      <![CDATA[step 1: Get Data from Excel<br/>]]>
    </line>
    <line>
      <![CDATA[URL: https://qa1.dev.medfusion.net/mobile/ <br/>]]>
    </line>
    <line>
      <![CDATA[USER NAME: mobilnipac3<br/>]]>
    </line>
    <line>
      <![CDATA[Password: test12<br/>]]>
    </line>
    <line>
      <![CDATA[step 2:LogIn<br/>]]>
    </line>
    <line>
      <![CDATA[URL https://qa1.dev.medfusion.net/mobile/ <br/>]]>
    </line>
    <line>
      <![CDATA[### DEBUG LOGIN: [mobilnipac3] [test12]<br/>]]>
    </line>
    <line>
      <![CDATA[Waiting for the Username element, max wait time is 60 seconds<br/>]]>
    </line>
    <line>
      <![CDATA[step 3: Click Ask a Question<br/>]]>
    </line>
    <line>
      <![CDATA[Where on the page is the top left-hand corner of the rendered element(0, 44)<br/>]]>
    </line>
    <line>
      <![CDATA[step 4: Select a practice<br/>]]>
    </line>
    <line>
      <![CDATA[step 5: Select a Question<br/>]]>
    </line>
    <line>
      <![CDATA[step 6: Select a Location<br/>]]>
    </line>
    <line>
      <![CDATA[step 7: Fill and submit a Question<br/>]]>
    </line>
    <line>
      <![CDATA[staff: Geisel, Theodor<br/>]]>
    </line>
    <line>
      <![CDATA[step 8: Close and logout<br/>]]>
    </line>
  </reporter-output>
  <suite name="Default suite" duration-ms="49026" started-at="2015-02-04T14:01:04Z" finished-at="2015-02-04T14:01:54Z">
    <groups>
      <group name="mobileAsk">
        <method signature="MobileAcceptanceTestPlan.testMobileAsk()[pri:0, instance:com.intuit.ihg.product.mobile.test.MobileAcceptanceTestPlan@1e127982]" name="testMobileAsk" class="com.intuit.ihg.product.mobile.test.MobileAcceptanceTestPlan"/>
      </group> <!-- mobileAsk -->
      <group name="Positive">
        <method signature="MobileAcceptanceTestPlan.testMobileAsk()[pri:0, instance:com.intuit.ihg.product.mobile.test.MobileAcceptanceTestPlan@1e127982]" name="testMobileAsk" class="com.intuit.ihg.product.mobile.test.MobileAcceptanceTestPlan"/>
      </group> <!-- Positive -->
      <group name="DeploymentAcceptanceTests">
        <method signature="MobileAcceptanceTestPlan.testMobileAsk()[pri:0, instance:com.intuit.ihg.product.mobile.test.MobileAcceptanceTestPlan@1e127982]" name="testMobileAsk" class="com.intuit.ihg.product.mobile.test.MobileAcceptanceTestPlan"/>
      </group> <!-- DeploymentAcceptanceTests -->
      <group name="AcceptanceTests">
        <method signature="MobileAcceptanceTestPlan.testMobileAsk()[pri:0, instance:com.intuit.ihg.product.mobile.test.MobileAcceptanceTestPlan@1e127982]" name="testMobileAsk" class="com.intuit.ihg.product.mobile.test.MobileAcceptanceTestPlan"/>
      </group> <!-- AcceptanceTests -->
    </groups>
    <test name="Default test" duration-ms="49026" started-at="2015-02-04T14:01:04Z" finished-at="2015-02-04T14:01:54Z">
      <class name="com.intuit.ihg.product.mobile.test.MobileAcceptanceTestPlan">
        <test-method status="PASS" signature="beforeSuite()[pri:0, instance:com.intuit.ihg.product.mobile.test.MobileAcceptanceTestPlan@1e127982]" name="beforeSuite" is-config="true" duration-ms="194" started-at="2015-02-04T15:01:04Z" finished-at="2015-02-04T15:01:04Z">
          <reporter-output>
            <line>
              <![CDATA[<pre>
testRoot: C:\git\development\mobile-automation
testConfigFile: null
testResultVideos: C:\git\development\mobile-automation\target\failsafe-reports\videos
testResultScreenshots: C:\git\development\mobile-automation\target\failsafe-reports\screenshots
selenium.browser: firefox
client os.type: windows
clear.browser.cache: true
enable.video.recording: true
capture.screenshot: true
reporting.full.stack.trace: false
isJavascriptCaptureEnabled: false
isProxyEnabled: false
logger.level: null
firefox.profile: null
firefox.assumeUntrustedCertificateIssuer: true (default = false)
firefox.acceptUntrustedCertificates: true (default = true)
firefox.isenableNativeEventEnabled: false
firefox.downloadable.mime.types: application/excel,application/x-excel,application/x-msexcel,application/vnd.ms-excel,text/comma-separated-values,application/csv,image/jpeg,text/csv,application/x-ofx,application/vnd.intu.qfx,application/vnd.intu.qbo
firefox.download.location: C:\git\development\mobile-automation\target\firefox-download
</pre><br/>]]>
            </line>
          </reporter-output>
        </test-method> <!-- beforeSuite -->
        <test-method status="PASS" signature="setUp()[pri:0, instance:com.intuit.ihg.product.mobile.test.MobileAcceptanceTestPlan@1e127982]" name="setUp" is-config="true" duration-ms="4" started-at="2015-02-04T15:01:04Z" finished-at="2015-02-04T15:01:05Z">
          <reporter-output>
          </reporter-output>
        </test-method> <!-- setUp -->
        <test-method status="PASS" signature="testSetup()[pri:0, instance:com.intuit.ihg.product.mobile.test.MobileAcceptanceTestPlan@1e127982]" name="testSetup" is-config="true" duration-ms="7684" started-at="2015-02-04T15:01:05Z" finished-at="2015-02-04T15:01:12Z">
          <reporter-output>
          </reporter-output>
        </test-method> <!-- testSetup -->
        <test-method status="PASS" signature="testMobileAsk()[pri:0, instance:com.intuit.ihg.product.mobile.test.MobileAcceptanceTestPlan@1e127982]" name="testMobileAsk" duration-ms="40731" started-at="2015-02-04T15:01:12Z" finished-at="2015-02-04T15:01:53Z">
          <reporter-output>
            <line>
              <![CDATA[step 1: Get Data from Excel<br/>]]>
            </line>
            <line>
              <![CDATA[URL: https://qa1.dev.medfusion.net/mobile/ <br/>]]>
            </line>
            <line>
              <![CDATA[USER NAME: mobilnipac3<br/>]]>
            </line>
            <line>
              <![CDATA[Password: test12<br/>]]>
            </line>
            <line>
              <![CDATA[step 2:LogIn<br/>]]>
            </line>
            <line>
              <![CDATA[URL https://qa1.dev.medfusion.net/mobile/ <br/>]]>
            </line>
            <line>
              <![CDATA[### DEBUG LOGIN: [mobilnipac3] [test12]<br/>]]>
            </line>
            <line>
              <![CDATA[Waiting for the Username element, max wait time is 60 seconds<br/>]]>
            </line>
            <line>
              <![CDATA[step 3: Click Ask a Question<br/>]]>
            </line>
            <line>
              <![CDATA[Where on the page is the top left-hand corner of the rendered element(0, 44)<br/>]]>
            </line>
            <line>
              <![CDATA[step 4: Select a practice<br/>]]>
            </line>
            <line>
              <![CDATA[step 5: Select a Question<br/>]]>
            </line>
            <line>
              <![CDATA[step 6: Select a Location<br/>]]>
            </line>
            <line>
              <![CDATA[step 7: Fill and submit a Question<br/>]]>
            </line>
            <line>
              <![CDATA[staff: Geisel, Theodor<br/>]]>
            </line>
            <line>
              <![CDATA[step 8: Close and logout<br/>]]>
            </line>
          </reporter-output>
        </test-method> <!-- testMobileAsk -->
        <test-method status="PASS" signature="postTestCase(org.testng.ITestResult)[pri:0, instance:com.intuit.ihg.product.mobile.test.MobileAcceptanceTestPlan@1e127982]" name="postTestCase" is-config="true" duration-ms="595" started-at="2015-02-04T15:01:53Z" finished-at="2015-02-04T15:01:54Z">
          <params>
            <param index="0">
              <value>
                <![CDATA[[TestResult name=testMobileAsk status=SUCCESS method=MobileAcceptanceTestPlan.testMobileAsk()[pri:0, instance:com.intuit.ihg.product.mobile.test.MobileAcceptanceTestPlan@1e127982] output=step 1: Get Data from Excel<br/>]]]>
              </value>
            </param>
          </params>
          <reporter-output>
          </reporter-output>
        </test-method> <!-- postTestCase -->
        <test-method status="PASS" signature="tearDown()[pri:0, instance:com.intuit.ihg.product.mobile.test.MobileAcceptanceTestPlan@1e127982]" name="tearDown" is-config="true" duration-ms="1" started-at="2015-02-04T15:01:54Z" finished-at="2015-02-04T15:01:54Z">
          <reporter-output>
          </reporter-output>
        </test-method> <!-- tearDown -->
      </class> <!-- com.intuit.ihg.product.mobile.test.MobileAcceptanceTestPlan -->
    </test> <!-- Default test -->
  </suite> <!-- Default suite -->
</testng-results>
